{"C:\\Users\\Micky\\Desktop\\JavaScript_Capstone\\src\\test\\counter.js": {"path":"C:\\Users\\Micky\\Desktop\\JavaScript_Capstone\\src\\test\\counter.js","statementMap":{"0":{"start":{"line":1,"column":19},"end":{"line":1,"column":52}},"1":{"start":{"line":1,"column":35},"end":{"line":1,"column":52}},"2":{"start":{"line":2,"column":22},"end":{"line":2,"column":59}},"3":{"start":{"line":2,"column":40},"end":{"line":2,"column":59}},"4":{"start":{"line":3,"column":0},"end":{"line":3,"column":46}}},"fnMap":{"0":{"name":"(anonymous_0)","decl":{"start":{"line":1,"column":19},"end":{"line":1,"column":20}},"loc":{"start":{"line":1,"column":35},"end":{"line":1,"column":52}},"line":1},"1":{"name":"(anonymous_1)","decl":{"start":{"line":2,"column":22},"end":{"line":2,"column":23}},"loc":{"start":{"line":2,"column":40},"end":{"line":2,"column":59}},"line":2}},"branchMap":{},"s":{"0":1,"1":1,"2":1,"3":1,"4":1},"f":{"0":1,"1":1},"b":{},"_coverageSchema":"1a1c01bbd47fc00a2c39e90264f33305004495a9","hash":"f5a5fa7f330d1678aa7cc1bd4de96b5d5e162b46"}
}
